-------------------------------------------------------------------------------
Test set: runners.TestRunner
-------------------------------------------------------------------------------
Tests run: 3, Failures: 0, Errors: 3, Skipped: 0, Time elapsed: 2.425 s <<< FAILURE! -- in runners.TestRunner
OpenWeatherMap.Search for a city and verify weather details -- Time elapsed: 0.319 s <<< ERROR!
io.cucumber.junit.UndefinedStepException: 
The step 'I search for the city "Sydney"' and 2 other step(s) are undefined.
You can implement these steps using the snippet(s) below:

@Given("I search for the city {string}")
public void i_search_for_the_city(String string) {
    // Write code here that turns the phrase above into concrete actions
    throw new io.cucumber.java.PendingException();
}
@When("I select the city {string}")
public void i_select_the_city(String string) {
    // Write code here that turns the phrase above into concrete actions
    throw new io.cucumber.java.PendingException();
}
@Then("the weather for {string} should be displayed")
public void the_weather_for_should_be_displayed(String string) {
    // Write code here that turns the phrase above into concrete actions
    throw new io.cucumber.java.PendingException();
}


Weather Conditions.Fetch weather conditions for a clear day -- Time elapsed: 0.017 s <<< ERROR!
io.cucumber.junit.UndefinedStepException: 
The step 'the condition is "clear"' and 2 other step(s) are undefined.
You can implement these steps using the snippet(s) below:

@Given("the condition is {string}")
public void the_condition_is(String string) {
    // Write code here that turns the phrase above into concrete actions
    throw new io.cucumber.java.PendingException();
}
@When("I fetch the weather conditions")
public void i_fetch_the_weather_conditions() {
    // Write code here that turns the phrase above into concrete actions
    throw new io.cucumber.java.PendingException();
}
@Then("the temperature should be {int} degrees Fahrenheit")
public void the_temperature_should_be_degrees_fahrenheit(Integer int1) {
    // Write code here that turns the phrase above into concrete actions
    throw new io.cucumber.java.PendingException();
}


Weather Conditions.Fetch weather conditions for a windy day -- Time elapsed: 0.022 s <<< ERROR!
io.cucumber.junit.UndefinedStepException: 
The step 'the condition is "windy"' and 2 other step(s) are undefined.
You can implement these steps using the snippet(s) below:

@Given("the condition is {string}")
public void the_condition_is(String string) {
    // Write code here that turns the phrase above into concrete actions
    throw new io.cucumber.java.PendingException();
}
@When("I fetch the weather conditions")
public void i_fetch_the_weather_conditions() {
    // Write code here that turns the phrase above into concrete actions
    throw new io.cucumber.java.PendingException();
}
@Then("the temperature should be {int} degrees Fahrenheit")
public void the_temperature_should_be_degrees_fahrenheit(Integer int1) {
    // Write code here that turns the phrase above into concrete actions
    throw new io.cucumber.java.PendingException();
}


