<?xml version="1.0" encoding="UTF-8"?>
<testsuite xmlns:xsi="http://www.w3.org/2001/XMLSchema-instance" xsi:noNamespaceSchemaLocation="https://maven.apache.org/surefire/maven-surefire-plugin/xsd/surefire-test-report-3.0.xsd" version="3.0" name="runners.TestRunner" time="2.425" tests="3" errors="3" skipped="0" failures="0">
  <properties>
[...]
</properties>
  <testcase name="Search for a city and verify weather details" classname="OpenWeatherMap" time="0.319">
    <error message="The step &apos;I search for the city &quot;Sydney&quot;&apos; and 2 other step(s) are undefined.&#10;You can implement these steps using the snippet(s) below:&#10;&#10;@Given(&quot;I search for the city {string}&quot;)&#10;public void i_search_for_the_city(String string) {&#10;    // Write code here that turns the phrase above into concrete actions&#10;    throw new io.cucumber.java.PendingException();&#10;}&#10;@When(&quot;I select the city {string}&quot;)&#10;public void i_select_the_city(String string) {&#10;    // Write code here that turns the phrase above into concrete actions&#10;    throw new io.cucumber.java.PendingException();&#10;}&#10;@Then(&quot;the weather for {string} should be displayed&quot;)&#10;public void the_weather_for_should_be_displayed(String string) {&#10;    // Write code here that turns the phrase above into concrete actions&#10;    throw new io.cucumber.java.PendingException();&#10;}&#10;" type="io.cucumber.junit.UndefinedStepException"><![CDATA[io.cucumber.junit.UndefinedStepException: 
The step 'I search for the city "Sydney"' and 2 other step(s) are undefined.
You can implement these steps using the snippet(s) below:

@Given("I search for the city {string}")
public void i_search_for_the_city(String string) {
    // Write code here that turns the phrase above into concrete actions
    throw new io.cucumber.java.PendingException();
}
@When("I select the city {string}")
public void i_select_the_city(String string) {
    // Write code here that turns the phrase above into concrete actions
    throw new io.cucumber.java.PendingException();
}
@Then("the weather for {string} should be displayed")
public void the_weather_for_should_be_displayed(String string) {
    // Write code here that turns the phrase above into concrete actions
    throw new io.cucumber.java.PendingException();
}

]]></error>
    <system-out><![CDATA[
Scenario: Search for a city and verify weather details &amp#27;[90m# src/test/resources/features/OpenWeatherMap.feature:3&amp#27;[0m
  &amp#27;[33mGiven &amp#27;[0m&amp#27;[33mI search for the city "Sydney"&amp#27;[0m
  &amp#27;[36mWhen &amp#27;[0m&amp#27;[36mI select the city "Sydney"&amp#27;[0m
  &amp#27;[36mThen &amp#27;[0m&amp#27;[36mthe weather for "Sydney" should be displayed&amp#27;[0m
]]></system-out>
  </testcase>
  <testcase name="Fetch weather conditions for a clear day" classname="Weather Conditions" time="0.017">
    <error message="The step &apos;the condition is &quot;clear&quot;&apos; and 2 other step(s) are undefined.&#10;You can implement these steps using the snippet(s) below:&#10;&#10;@Given(&quot;the condition is {string}&quot;)&#10;public void the_condition_is(String string) {&#10;    // Write code here that turns the phrase above into concrete actions&#10;    throw new io.cucumber.java.PendingException();&#10;}&#10;@When(&quot;I fetch the weather conditions&quot;)&#10;public void i_fetch_the_weather_conditions() {&#10;    // Write code here that turns the phrase above into concrete actions&#10;    throw new io.cucumber.java.PendingException();&#10;}&#10;@Then(&quot;the temperature should be {int} degrees Fahrenheit&quot;)&#10;public void the_temperature_should_be_degrees_fahrenheit(Integer int1) {&#10;    // Write code here that turns the phrase above into concrete actions&#10;    throw new io.cucumber.java.PendingException();&#10;}&#10;" type="io.cucumber.junit.UndefinedStepException"><![CDATA[io.cucumber.junit.UndefinedStepException: 
The step 'the condition is "clear"' and 2 other step(s) are undefined.
You can implement these steps using the snippet(s) below:

@Given("the condition is {string}")
public void the_condition_is(String string) {
    // Write code here that turns the phrase above into concrete actions
    throw new io.cucumber.java.PendingException();
}
@When("I fetch the weather conditions")
public void i_fetch_the_weather_conditions() {
    // Write code here that turns the phrase above into concrete actions
    throw new io.cucumber.java.PendingException();
}
@Then("the temperature should be {int} degrees Fahrenheit")
public void the_temperature_should_be_degrees_fahrenheit(Integer int1) {
    // Write code here that turns the phrase above into concrete actions
    throw new io.cucumber.java.PendingException();
}

]]></error>
    <system-out><![CDATA[
Scenario: Fetch weather conditions for a clear day     &amp#27;[90m# src/test/resources/features/Weather.feature:3&amp#27;[0m
  &amp#27;[33mGiven &amp#27;[0m&amp#27;[33mthe condition is "clear"&amp#27;[0m
  &amp#27;[36mWhen &amp#27;[0m&amp#27;[36mI fetch the weather conditions&amp#27;[0m
  &amp#27;[36mThen &amp#27;[0m&amp#27;[36mthe temperature should be 70 degrees Fahrenheit&amp#27;[0m
]]></system-out>
  </testcase>
  <testcase name="Fetch weather conditions for a windy day" classname="Weather Conditions" time="0.022">
    <error message="The step &apos;the condition is &quot;windy&quot;&apos; and 2 other step(s) are undefined.&#10;You can implement these steps using the snippet(s) below:&#10;&#10;@Given(&quot;the condition is {string}&quot;)&#10;public void the_condition_is(String string) {&#10;    // Write code here that turns the phrase above into concrete actions&#10;    throw new io.cucumber.java.PendingException();&#10;}&#10;@When(&quot;I fetch the weather conditions&quot;)&#10;public void i_fetch_the_weather_conditions() {&#10;    // Write code here that turns the phrase above into concrete actions&#10;    throw new io.cucumber.java.PendingException();&#10;}&#10;@Then(&quot;the temperature should be {int} degrees Fahrenheit&quot;)&#10;public void the_temperature_should_be_degrees_fahrenheit(Integer int1) {&#10;    // Write code here that turns the phrase above into concrete actions&#10;    throw new io.cucumber.java.PendingException();&#10;}&#10;" type="io.cucumber.junit.UndefinedStepException"><![CDATA[io.cucumber.junit.UndefinedStepException: 
The step 'the condition is "windy"' and 2 other step(s) are undefined.
You can implement these steps using the snippet(s) below:

@Given("the condition is {string}")
public void the_condition_is(String string) {
    // Write code here that turns the phrase above into concrete actions
    throw new io.cucumber.java.PendingException();
}
@When("I fetch the weather conditions")
public void i_fetch_the_weather_conditions() {
    // Write code here that turns the phrase above into concrete actions
    throw new io.cucumber.java.PendingException();
}
@Then("the temperature should be {int} degrees Fahrenheit")
public void the_temperature_should_be_degrees_fahrenheit(Integer int1) {
    // Write code here that turns the phrase above into concrete actions
    throw new io.cucumber.java.PendingException();
}

]]></error>
    <system-out><![CDATA[
Scenario: Fetch weather conditions for a windy day     &amp#27;[90m# src/test/resources/features/Weather.feature:8&amp#27;[0m
  &amp#27;[33mGiven &amp#27;[0m&amp#27;[33mthe condition is "windy"&amp#27;[0m
  &amp#27;[36mWhen &amp#27;[0m&amp#27;[36mI fetch the weather conditions&amp#27;[0m
  &amp#27;[36mThen &amp#27;[0m&amp#27;[36mthe temperature should be 65 degrees Fahrenheit&amp#27;[0m
]]></system-out>
  </testcase>
</testsuite>